<?xml version="1.0" encoding="UTF-8"?>
<!-- Generated by org.testng.reporters.JUnitReportReporter -->
<testsuite hostname="LAPTOP-LJHIDC3E" failures="0" tests="1" name="com.Entrata.Tests.HoverToResidentPayTest" time="8.734" errors="0" timestamp="2024-03-02T17:34:52 IST" skipped="0">
  <testcase classname="com.Entrata.Tests.HoverToResidentPayTest" name="HoverToResidentPay" time="8.734"/>
  <system-out/>
</testsuite> <!-- com.Entrata.Tests.HoverToResidentPayTest -->
