<?xml version="1.0" encoding="UTF-8"?>
<!-- Generated by org.testng.reporters.JUnitReportReporter -->
<testsuite hostname="LAPTOP-LJHIDC3E" failures="0" tests="1" name="com.Entrata.Tests.BaseCampRegistrationTest" time="45.276" errors="0" timestamp="2024-03-02T17:38:43 IST" skipped="0">
  <testcase classname="com.Entrata.Tests.BaseCampRegistrationTest" name="BaseCampRegistration" time="45.276"/>
  <system-out/>
</testsuite> <!-- com.Entrata.Tests.BaseCampRegistrationTest -->
