<?xml version="1.0" encoding="UTF-8"?>
<!-- Generated by org.testng.reporters.JUnitReportReporter -->
<testsuite hostname="QKNBK3030" failures="0" tests="1" name="com.Entrata.Tests.LoginPropertyManagerTest" time="37.985" errors="0" timestamp="2024-03-02T15:05:37 IST" skipped="0">
  <testcase classname="com.Entrata.Tests.LoginPropertyManagerTest" name="InvalidLoginPropertyManager" time="37.985"/>
</testsuite> <!-- com.Entrata.Tests.LoginPropertyManagerTest -->
