<?xml version="1.0" encoding="UTF-8"?>
<!-- Generated by org.testng.reporters.JUnitReportReporter -->
<testsuite hostname="QKNBK3030" failures="0" tests="1" name="com.Entrata.Tests.ContactUSFormTest" time="60.227" errors="0" timestamp="2024-03-02T17:04:37 IST" skipped="0">
  <testcase classname="com.Entrata.Tests.ContactUSFormTest" name="ContactUSForm" time="60.227"/>
</testsuite> <!-- com.Entrata.Tests.ContactUSFormTest -->
