<?xml version="1.0" encoding="UTF-8"?>
<!-- Generated by org.testng.reporters.JUnitReportReporter -->
<testsuite hostname="QKNBK3030" failures="0" tests="1" name="com.EntrataTests.HomePageTests" time="10.861" errors="0" timestamp="2024-03-01T22:48:12 IST" skipped="0">
  <testcase classname="com.EntrataTests.HomePageTests" name="InvalidLoginPropertyManager" time="10.861"/>
</testsuite> <!-- com.EntrataTests.HomePageTests -->
