<?xml version="1.0" encoding="UTF-8"?>
<!-- Generated by org.testng.reporters.JUnitReportReporter -->
<testsuite hostname="QKNBK3364" failures="0" tests="1" name="com.EntrataTests.LoginPageTests" time="0.010" errors="0" timestamp="2024-03-01T16:44:42 IST" skipped="0">
  <testcase classname="com.EntrataTests.LoginPageTests" name="Login_scn" time="0.010"/>
</testsuite> <!-- com.EntrataTests.LoginPageTests -->
