<?xml version="1.0" encoding="UTF-8"?>
<!-- Generated by org.testng.reporters.JUnitReportReporter -->
<testsuite hostname="QKNBK3030" failures="0" tests="1" name="com.EntrataTests.BaseCampRegistrationTest" time="2.742" errors="0" timestamp="2024-03-02T10:33:43 IST" skipped="0">
  <testcase classname="com.EntrataTests.BaseCampRegistrationTest" name="BaseCampRegistration" time="2.742"/>
</testsuite> <!-- com.EntrataTests.BaseCampRegistrationTest -->
